<?xml version="1.0" encoding="UTF-8"?>
<testsuite xmlns:xsi="http://www.w3.org/2001/XMLSchema-instance" xsi:noNamespaceSchemaLocation="https://maven.apache.org/surefire/maven-surefire-plugin/xsd/surefire-test-report.xsd" name="com.bridgelabz.todoapp.UserControllerTest" time="0.012" tests="1" errors="0" skipped="0" failures="1">
  <properties>
[...]
</properties>
  <testcase name="verifyRegistrationUser" classname="com.bridgelabz.todoapp.UserControllerTest" time="0.01">
    <failure message="No value at JSON path &quot;$.message&quot;" type="java.lang.AssertionError">java.lang.AssertionError: No value at JSON path "$.message"
	at com.bridgelabz.todoapp.UserControllerTest.verifyRegistrationUser(UserControllerTest.java:44)
Caused by: java.lang.IllegalArgumentException: json can not be null or empty
	at com.bridgelabz.todoapp.UserControllerTest.verifyRegistrationUser(UserControllerTest.java:44)
</failure>
    <system-out><![CDATA[2018-07-19 18:27:45.340  INFO 10671 --- [           main] .b.t.c.SpringBootTestContextBootstrapper : Neither @ContextConfiguration nor @ContextHierarchy found for test class [com.bridgelabz.todoapp.UserControllerTest], using SpringBootContextLoader
2018-07-19 18:27:45.341  INFO 10671 --- [           main] o.s.t.c.support.AbstractContextLoader    : Could not detect default resource locations for test class [com.bridgelabz.todoapp.UserControllerTest]: no resource found for suffixes {-context.xml, Context.groovy}.
2018-07-19 18:27:45.341  INFO 10671 --- [           main] t.c.s.AnnotationConfigContextLoaderUtils : Could not detect default configuration classes for test class [com.bridgelabz.todoapp.UserControllerTest]: UserControllerTest does not declare any static, non-private, non-final, nested classes annotated with @Configuration.
2018-07-19 18:27:45.344  INFO 10671 --- [           main] .b.t.c.SpringBootTestContextBootstrapper : Found @SpringBootConfiguration com.bridgelabz.todoapp.ToDoAppApplication for test class com.bridgelabz.todoapp.UserControllerTest
2018-07-19 18:27:45.345  INFO 10671 --- [           main] .b.t.c.SpringBootTestContextBootstrapper : Loaded default TestExecutionListener class names from location [META-INF/spring.factories]: [org.springframework.boot.test.mock.mockito.MockitoTestExecutionListener, org.springframework.boot.test.mock.mockito.ResetMocksTestExecutionListener, org.springframework.boot.test.autoconfigure.restdocs.RestDocsTestExecutionListener, org.springframework.boot.test.autoconfigure.web.client.MockRestServiceServerResetTestExecutionListener, org.springframework.boot.test.autoconfigure.web.servlet.MockMvcPrintOnlyOnFailureTestExecutionListener, org.springframework.boot.test.autoconfigure.web.servlet.WebDriverTestExecutionListener, org.springframework.test.context.web.ServletTestExecutionListener, org.springframework.test.context.support.DirtiesContextBeforeModesTestExecutionListener, org.springframework.test.context.support.DependencyInjectionTestExecutionListener, org.springframework.test.context.support.DirtiesContextTestExecutionListener, org.springframework.test.context.transaction.TransactionalTestExecutionListener, org.springframework.test.context.jdbc.SqlScriptsTestExecutionListener]
2018-07-19 18:27:45.346  INFO 10671 --- [           main] .b.t.c.SpringBootTestContextBootstrapper : Using TestExecutionListeners: [org.springframework.test.context.web.ServletTestExecutionListener@4f235107, org.springframework.test.context.support.DirtiesContextBeforeModesTestExecutionListener@28d739f1, org.springframework.boot.test.mock.mockito.MockitoTestExecutionListener@1c5d3a37, org.springframework.boot.test.autoconfigure.SpringBootDependencyInjectionTestExecutionListener@7e3d2ebd, org.springframework.test.context.support.DirtiesContextTestExecutionListener@2b43f314, org.springframework.test.context.transaction.TransactionalTestExecutionListener@3a4a5f3c, org.springframework.test.context.jdbc.SqlScriptsTestExecutionListener@4f3356c0, org.springframework.boot.test.mock.mockito.ResetMocksTestExecutionListener@586cc15d, org.springframework.boot.test.autoconfigure.restdocs.RestDocsTestExecutionListener@6c835217, org.springframework.boot.test.autoconfigure.web.client.MockRestServiceServerResetTestExecutionListener@4584304, org.springframework.boot.test.autoconfigure.web.servlet.MockMvcPrintOnlyOnFailureTestExecutionListener@51888019, org.springframework.boot.test.autoconfigure.web.servlet.WebDriverTestExecutionListener@6f50d55c]
2018-07-19 18:27:45.356  INFO 10671 --- [           main] o.s.b.t.m.w.SpringBootMockServletContext : Initializing Spring FrameworkServlet ''
2018-07-19 18:27:45.356  INFO 10671 --- [           main] o.s.t.web.servlet.TestDispatcherServlet  : FrameworkServlet '': initialization started
2018-07-19 18:27:45.370  INFO 10671 --- [           main] o.s.t.web.servlet.TestDispatcherServlet  : FrameworkServlet '': initialization completed in 14 ms
]]></system-out>
  </testcase>
</testsuite>